<?xml version="1.0" encoding="UTF-8"?>
<!-- Generated by org.testng.reporters.JUnitXMLReporter -->
<testsuite ignored="0" hostname="DESKTOP-09KCL7U" failures="0" tests="4" name="Command line test" time="45.983" errors="0" timestamp="2022-11-23T19:19:14 CET">
  <testcase classname="Tests.SubmitOrderTest" name="submitOrder" time="7.253"/>
  <testcase classname="Tests.SubmitOrderTest" name="submitOrder" time="7.478"/>
  <testcase classname="Tests.SubmitOrderTest" name="orderHistoryTest" time="1.645"/>
  <testcase classname="Tests.SubmitOrderTest" name="orderHistoryTest" time="1.629"/>
</testsuite> <!-- Command line test -->
