<?xml version="1.0" encoding="UTF-8"?>
<testng-results ignored="0" total="4" passed="4" failed="0" skipped="0">
  <reporter-output>
  </reporter-output>
  <suite started-at="2022-11-22T20:08:05 CET" name="All Test Suite" finished-at="2022-11-22T20:09:19 CET" duration-ms="73355">
    <groups>
      <group name="Purchase">
        <method signature="SubmitOrderTest.submitOrder(java.util.HashMap)[pri:0, instance:Tests.SubmitOrderTest@35841320]" name="submitOrder" class="Tests.SubmitOrderTest"/>
        <method signature="SubmitOrderTest.orderHistoryTest(java.util.HashMap)[pri:0, instance:Tests.SubmitOrderTest@35841320]" name="orderHistoryTest" class="Tests.SubmitOrderTest"/>
      </group> <!-- Purchase -->
    </groups>
    <test started-at="2022-11-22T20:08:05 CET" name="Submit Order Test" finished-at="2022-11-22T20:09:19 CET" duration-ms="73355">
      <class name="Tests.SubmitOrderTest">
        <test-method is-config="true" signature="launchApplication()[pri:0, instance:Tests.SubmitOrderTest@35841320]" started-at="2022-11-22T20:08:06 CET" name="launchApplication" finished-at="2022-11-22T20:08:43 CET" duration-ms="37695" status="PASS">
          <reporter-output>
          </reporter-output>
        </test-method> <!-- launchApplication -->
        <test-method signature="submitOrder(java.util.HashMap)[pri:0, instance:Tests.SubmitOrderTest@35841320]" started-at="2022-11-22T20:08:43 CET" name="submitOrder" data-provider="getData" finished-at="2022-11-22T20:08:52 CET" duration-ms="8434" status="PASS">
          <params>
            <param index="0">
              <value>
                <![CDATA[{password=Patryk1@3, product=ADIDAS ORIGINAL, email=patryk@gmail.com}]]>
              </value>
            </param>
          </params>
          <reporter-output>
          </reporter-output>
        </test-method> <!-- submitOrder -->
        <test-method is-config="true" signature="tearDown()[pri:0, instance:Tests.SubmitOrderTest@35841320]" started-at="2022-11-22T20:08:52 CET" name="tearDown" finished-at="2022-11-22T20:08:54 CET" duration-ms="2100" status="PASS">
          <reporter-output>
          </reporter-output>
        </test-method> <!-- tearDown -->
        <test-method is-config="true" signature="launchApplication()[pri:0, instance:Tests.SubmitOrderTest@35841320]" started-at="2022-11-22T20:08:54 CET" name="launchApplication" finished-at="2022-11-22T20:08:59 CET" duration-ms="4756" status="PASS">
          <reporter-output>
          </reporter-output>
        </test-method> <!-- launchApplication -->
        <test-method signature="submitOrder(java.util.HashMap)[pri:0, instance:Tests.SubmitOrderTest@35841320]" started-at="2022-11-22T20:08:59 CET" name="submitOrder" data-provider="getData" finished-at="2022-11-22T20:09:06 CET" duration-ms="7852" status="PASS">
          <params>
            <param index="0">
              <value>
                <![CDATA[{password=Iamking@000, product=ZARA COAT 3, email=shetty@gmail.com}]]>
              </value>
            </param>
          </params>
          <reporter-output>
          </reporter-output>
        </test-method> <!-- submitOrder -->
        <test-method is-config="true" signature="tearDown()[pri:0, instance:Tests.SubmitOrderTest@35841320]" started-at="2022-11-22T20:09:06 CET" name="tearDown" finished-at="2022-11-22T20:09:07 CET" duration-ms="262" status="PASS">
          <reporter-output>
          </reporter-output>
        </test-method> <!-- tearDown -->
        <test-method is-config="true" signature="launchApplication()[pri:0, instance:Tests.SubmitOrderTest@35841320]" started-at="2022-11-22T20:09:07 CET" name="launchApplication" finished-at="2022-11-22T20:09:11 CET" duration-ms="4175" status="PASS">
          <reporter-output>
          </reporter-output>
        </test-method> <!-- launchApplication -->
        <test-method signature="orderHistoryTest(java.util.HashMap)[pri:0, instance:Tests.SubmitOrderTest@35841320]" started-at="2022-11-22T20:09:11 CET" name="orderHistoryTest" data-provider="getData" finished-at="2022-11-22T20:09:12 CET" depends-on-methods="Tests.SubmitOrderTest.submitOrder" duration-ms="1319" status="PASS">
          <params>
            <param index="0">
              <value>
                <![CDATA[{password=Patryk1@3, product=ADIDAS ORIGINAL, email=patryk@gmail.com}]]>
              </value>
            </param>
          </params>
          <reporter-output>
          </reporter-output>
        </test-method> <!-- orderHistoryTest -->
        <test-method is-config="true" signature="tearDown()[pri:0, instance:Tests.SubmitOrderTest@35841320]" started-at="2022-11-22T20:09:12 CET" name="tearDown" finished-at="2022-11-22T20:09:13 CET" duration-ms="240" status="PASS">
          <reporter-output>
          </reporter-output>
        </test-method> <!-- tearDown -->
        <test-method is-config="true" signature="launchApplication()[pri:0, instance:Tests.SubmitOrderTest@35841320]" started-at="2022-11-22T20:09:13 CET" name="launchApplication" finished-at="2022-11-22T20:09:17 CET" duration-ms="4315" status="PASS">
          <reporter-output>
          </reporter-output>
        </test-method> <!-- launchApplication -->
        <test-method signature="orderHistoryTest(java.util.HashMap)[pri:0, instance:Tests.SubmitOrderTest@35841320]" started-at="2022-11-22T20:09:17 CET" name="orderHistoryTest" data-provider="getData" finished-at="2022-11-22T20:09:18 CET" depends-on-methods="Tests.SubmitOrderTest.submitOrder" duration-ms="1455" status="PASS">
          <params>
            <param index="0">
              <value>
                <![CDATA[{password=Iamking@000, product=ZARA COAT 3, email=shetty@gmail.com}]]>
              </value>
            </param>
          </params>
          <reporter-output>
          </reporter-output>
        </test-method> <!-- orderHistoryTest -->
        <test-method is-config="true" signature="tearDown()[pri:0, instance:Tests.SubmitOrderTest@35841320]" started-at="2022-11-22T20:09:18 CET" name="tearDown" finished-at="2022-11-22T20:09:19 CET" duration-ms="234" status="PASS">
          <reporter-output>
          </reporter-output>
        </test-method> <!-- tearDown -->
      </class> <!-- Tests.SubmitOrderTest -->
    </test> <!-- Submit Order Test -->
  </suite> <!-- All Test Suite -->
</testng-results>
