<?xml version="1.0" encoding="UTF-8"?>
<testng-results ignored="0" total="4" passed="4" failed="0" skipped="0">
  <reporter-output>
  </reporter-output>
  <suite started-at="2022-11-23T19:18:28 CET" name="Command line suite" finished-at="2022-11-23T19:19:14 CET" duration-ms="45983">
    <groups>
      <group name="Purchase">
        <method signature="SubmitOrderTest.submitOrder(java.util.HashMap)[pri:0, instance:Tests.SubmitOrderTest@6156496]" name="submitOrder" class="Tests.SubmitOrderTest"/>
        <method signature="SubmitOrderTest.orderHistoryTest(java.util.HashMap)[pri:0, instance:Tests.SubmitOrderTest@6156496]" name="orderHistoryTest" class="Tests.SubmitOrderTest"/>
      </group> <!-- Purchase -->
    </groups>
    <test started-at="2022-11-23T19:18:28 CET" name="Command line test" finished-at="2022-11-23T19:19:14 CET" duration-ms="45983">
      <class name="Tests.SubmitOrderTest">
        <test-method is-config="true" signature="launchApplication()[pri:0, instance:Tests.SubmitOrderTest@6156496]" started-at="2022-11-23T19:18:29 CET" name="launchApplication" finished-at="2022-11-23T19:18:41 CET" duration-ms="11990" status="PASS">
          <reporter-output>
          </reporter-output>
        </test-method> <!-- launchApplication -->
        <test-method signature="submitOrder(java.util.HashMap)[pri:0, instance:Tests.SubmitOrderTest@6156496]" started-at="2022-11-23T19:18:41 CET" name="submitOrder" data-provider="getData" finished-at="2022-11-23T19:18:49 CET" duration-ms="7253" status="PASS">
          <params>
            <param index="0">
              <value>
                <![CDATA[{password=Patryk1@3, product=ADIDAS ORIGINAL, email=patryk@gmail.com}]]>
              </value>
            </param>
          </params>
          <reporter-output>
          </reporter-output>
        </test-method> <!-- submitOrder -->
        <test-method is-config="true" signature="tearDown()[pri:0, instance:Tests.SubmitOrderTest@6156496]" started-at="2022-11-23T19:18:49 CET" name="tearDown" finished-at="2022-11-23T19:18:49 CET" duration-ms="464" status="PASS">
          <reporter-output>
          </reporter-output>
        </test-method> <!-- tearDown -->
        <test-method is-config="true" signature="launchApplication()[pri:0, instance:Tests.SubmitOrderTest@6156496]" started-at="2022-11-23T19:18:49 CET" name="launchApplication" finished-at="2022-11-23T19:18:54 CET" duration-ms="4812" status="PASS">
          <reporter-output>
          </reporter-output>
        </test-method> <!-- launchApplication -->
        <test-method signature="submitOrder(java.util.HashMap)[pri:0, instance:Tests.SubmitOrderTest@6156496]" started-at="2022-11-23T19:18:54 CET" name="submitOrder" data-provider="getData" finished-at="2022-11-23T19:19:01 CET" duration-ms="7478" status="PASS">
          <params>
            <param index="0">
              <value>
                <![CDATA[{password=Iamking@000, product=ZARA COAT 3, email=shetty@gmail.com}]]>
              </value>
            </param>
          </params>
          <reporter-output>
          </reporter-output>
        </test-method> <!-- submitOrder -->
        <test-method is-config="true" signature="tearDown()[pri:0, instance:Tests.SubmitOrderTest@6156496]" started-at="2022-11-23T19:19:01 CET" name="tearDown" finished-at="2022-11-23T19:19:02 CET" duration-ms="228" status="PASS">
          <reporter-output>
          </reporter-output>
        </test-method> <!-- tearDown -->
        <test-method is-config="true" signature="launchApplication()[pri:0, instance:Tests.SubmitOrderTest@6156496]" started-at="2022-11-23T19:19:02 CET" name="launchApplication" finished-at="2022-11-23T19:19:06 CET" duration-ms="4325" status="PASS">
          <reporter-output>
          </reporter-output>
        </test-method> <!-- launchApplication -->
        <test-method signature="orderHistoryTest(java.util.HashMap)[pri:0, instance:Tests.SubmitOrderTest@6156496]" started-at="2022-11-23T19:19:06 CET" name="orderHistoryTest" data-provider="getData" finished-at="2022-11-23T19:19:08 CET" depends-on-methods="Tests.SubmitOrderTest.submitOrder" duration-ms="1645" status="PASS">
          <params>
            <param index="0">
              <value>
                <![CDATA[{password=Patryk1@3, product=ADIDAS ORIGINAL, email=patryk@gmail.com}]]>
              </value>
            </param>
          </params>
          <reporter-output>
          </reporter-output>
        </test-method> <!-- orderHistoryTest -->
        <test-method is-config="true" signature="tearDown()[pri:0, instance:Tests.SubmitOrderTest@6156496]" started-at="2022-11-23T19:19:08 CET" name="tearDown" finished-at="2022-11-23T19:19:08 CET" duration-ms="216" status="PASS">
          <reporter-output>
          </reporter-output>
        </test-method> <!-- tearDown -->
        <test-method is-config="true" signature="launchApplication()[pri:0, instance:Tests.SubmitOrderTest@6156496]" started-at="2022-11-23T19:19:08 CET" name="launchApplication" finished-at="2022-11-23T19:19:12 CET" duration-ms="4574" status="PASS">
          <reporter-output>
          </reporter-output>
        </test-method> <!-- launchApplication -->
        <test-method signature="orderHistoryTest(java.util.HashMap)[pri:0, instance:Tests.SubmitOrderTest@6156496]" started-at="2022-11-23T19:19:12 CET" name="orderHistoryTest" data-provider="getData" finished-at="2022-11-23T19:19:14 CET" depends-on-methods="Tests.SubmitOrderTest.submitOrder" duration-ms="1629" status="PASS">
          <params>
            <param index="0">
              <value>
                <![CDATA[{password=Iamking@000, product=ZARA COAT 3, email=shetty@gmail.com}]]>
              </value>
            </param>
          </params>
          <reporter-output>
          </reporter-output>
        </test-method> <!-- orderHistoryTest -->
        <test-method is-config="true" signature="tearDown()[pri:0, instance:Tests.SubmitOrderTest@6156496]" started-at="2022-11-23T19:19:14 CET" name="tearDown" finished-at="2022-11-23T19:19:14 CET" duration-ms="207" status="PASS">
          <reporter-output>
          </reporter-output>
        </test-method> <!-- tearDown -->
      </class> <!-- Tests.SubmitOrderTest -->
    </test> <!-- Command line test -->
  </suite> <!-- Command line suite -->
</testng-results>
