<?xml version="1.0" encoding="UTF-8"?>
<!-- Generated by org.testng.reporters.JUnitXMLReporter -->
<testsuite ignored="0" hostname="DESKTOP-09KCL7U" failures="0" tests="4" name="Submit Order Test" time="73.355" errors="0" timestamp="2022-11-22T20:09:19 CET">
  <testcase classname="Tests.SubmitOrderTest" name="submitOrder" time="8.434"/>
  <testcase classname="Tests.SubmitOrderTest" name="submitOrder" time="7.852"/>
  <testcase classname="Tests.SubmitOrderTest" name="orderHistoryTest" time="1.319"/>
  <testcase classname="Tests.SubmitOrderTest" name="orderHistoryTest" time="1.455"/>
</testsuite> <!-- Submit Order Test -->
